<?xml version="1.0" encoding="UTF-8"?>
<testsuite xmlns:xsi="http://www.w3.org/2001/XMLSchema-instance" xsi:noNamespaceSchemaLocation="https://maven.apache.org/surefire/maven-surefire-plugin/xsd/surefire-test-report-3.0.xsd" version="3.0" name="cucumber.Options.TestRunner" time="9.827" tests="2" errors="0" skipped="0" failures="0">
  <properties>
    <property name="java.specification.version" value="21"/>
    <property name="sun.cpu.isalist" value="amd64"/>
    <property name="sun.jnu.encoding" value="Cp1252"/>
    <property name="java.class.path" value="C:\Users\santh\eclipse-workspace\Framework_4\target\test-classes;C:\Users\santh\eclipse-workspace\Framework_4\target\classes;C:\Users\santh\.m2\repository\io\rest-assured\rest-assured\5.4.0\rest-assured-5.4.0.jar;C:\Users\santh\.m2\repository\org\apache\groovy\groovy\4.0.16\groovy-4.0.16.jar;C:\Users\santh\.m2\repository\org\apache\groovy\groovy-xml\4.0.16\groovy-xml-4.0.16.jar;C:\Users\santh\.m2\repository\org\apache\httpcomponents\httpclient\4.5.13\httpclient-4.5.13.jar;C:\Users\santh\.m2\repository\org\apache\httpcomponents\httpcore\4.4.13\httpcore-4.4.13.jar;C:\Users\santh\.m2\repository\commons-logging\commons-logging\1.2\commons-logging-1.2.jar;C:\Users\santh\.m2\repository\commons-codec\commons-codec\1.11\commons-codec-1.11.jar;C:\Users\santh\.m2\repository\org\apache\httpcomponents\httpmime\4.5.13\httpmime-4.5.13.jar;C:\Users\santh\.m2\repository\org\ccil\cowan\tagsoup\tagsoup\1.2.1\tagsoup-1.2.1.jar;C:\Users\santh\.m2\repository\io\rest-assured\json-path\5.4.0\json-path-5.4.0.jar;C:\Users\santh\.m2\repository\org\apache\groovy\groovy-json\4.0.16\groovy-json-4.0.16.jar;C:\Users\santh\.m2\repository\io\rest-assured\rest-assured-common\5.4.0\rest-assured-common-5.4.0.jar;C:\Users\santh\.m2\repository\io\rest-assured\xml-path\5.4.0\xml-path-5.4.0.jar;C:\Users\santh\.m2\repository\org\apache\commons\commons-lang3\3.11\commons-lang3-3.11.jar;C:\Users\santh\.m2\repository\org\hamcrest\hamcrest\2.2\hamcrest-2.2.jar;C:\Users\santh\.m2\repository\com\beust\jcommander\1.82\jcommander-1.82.jar;C:\Users\santh\.m2\repository\org\slf4j\slf4j-api\2.0.11\slf4j-api-2.0.11.jar;C:\Users\santh\.m2\repository\org\slf4j\slf4j-simple\2.0.11\slf4j-simple-2.0.11.jar;C:\Users\santh\.m2\repository\com\fasterxml\jackson\core\jackson-databind\2.16.1\jackson-databind-2.16.1.jar;C:\Users\santh\.m2\repository\com\fasterxml\jackson\core\jackson-annotations\2.16.1\jackson-annotations-2.16.1.jar;C:\Users\santh\.m2\repository\com\fasterxml\jackson\core\jackson-core\2.16.1\jackson-core-2.16.1.jar;C:\Users\santh\.m2\repository\io\cucumber\cucumber-java\7.15.0\cucumber-java-7.15.0.jar;C:\Users\santh\.m2\repository\io\cucumber\cucumber-core\7.15.0\cucumber-core-7.15.0.jar;C:\Users\santh\.m2\repository\io\cucumber\cucumber-gherkin\7.15.0\cucumber-gherkin-7.15.0.jar;C:\Users\santh\.m2\repository\io\cucumber\cucumber-gherkin-messages\7.15.0\cucumber-gherkin-messages-7.15.0.jar;C:\Users\santh\.m2\repository\io\cucumber\gherkin\26.2.0\gherkin-26.2.0.jar;C:\Users\santh\.m2\repository\io\cucumber\messages\22.0.0\messages-22.0.0.jar;C:\Users\santh\.m2\repository\io\cucumber\tag-expressions\6.0.0\tag-expressions-6.0.0.jar;C:\Users\santh\.m2\repository\io\cucumber\cucumber-expressions\17.0.1\cucumber-expressions-17.0.1.jar;C:\Users\santh\.m2\repository\io\cucumber\datatable\7.15.0\datatable-7.15.0.jar;C:\Users\santh\.m2\repository\io\cucumber\cucumber-plugin\7.15.0\cucumber-plugin-7.15.0.jar;C:\Users\santh\.m2\repository\io\cucumber\docstring\7.15.0\docstring-7.15.0.jar;C:\Users\santh\.m2\repository\io\cucumber\html-formatter\20.4.0\html-formatter-20.4.0.jar;C:\Users\santh\.m2\repository\io\cucumber\junit-xml-formatter\0.2.0\junit-xml-formatter-0.2.0.jar;C:\Users\santh\.m2\repository\io\cucumber\ci-environment\10.0.0\ci-environment-10.0.0.jar;C:\Users\santh\.m2\repository\org\apiguardian\apiguardian-api\1.1.2\apiguardian-api-1.1.2.jar;C:\Users\santh\.m2\repository\io\cucumber\cucumber-junit\7.15.0\cucumber-junit-7.15.0.jar;C:\Users\santh\.m2\repository\junit\junit\4.13.2\junit-4.13.2.jar;C:\Users\santh\.m2\repository\org\hamcrest\hamcrest-core\1.3\hamcrest-core-1.3.jar;"/>
    <property name="java.vm.vendor" value="Oracle Corporation"/>
    <property name="sun.arch.data.model" value="64"/>
    <property name="user.variant" value=""/>
    <property name="java.vendor.url" value="https://java.oracle.com/"/>
    <property name="user.timezone" value="Australia/Sydney"/>
    <property name="os.name" value="Windows 11"/>
    <property name="java.vm.specification.version" value="21"/>
    <property name="sun.java.launcher" value="SUN_STANDARD"/>
    <property name="user.country" value="AU"/>
    <property name="sun.boot.library.path" value="C:\Program Files\Java\jdk-21\bin"/>
    <property name="sun.java.command" value="C:\Users\santh\AppData\Local\Temp\surefire12377420034109509925\surefirebooter-20240327154441138_3.jar C:\Users\santh\AppData\Local\Temp\surefire12377420034109509925 2024-03-27T15-44-40_960-jvmRun1 surefire-20240327154441138_1tmp surefire_0-20240327154441138_2tmp"/>
    <property name="jdk.debug" value="release"/>
    <property name="surefire.test.class.path" value="C:\Users\santh\eclipse-workspace\Framework_4\target\test-classes;C:\Users\santh\eclipse-workspace\Framework_4\target\classes;C:\Users\santh\.m2\repository\io\rest-assured\rest-assured\5.4.0\rest-assured-5.4.0.jar;C:\Users\santh\.m2\repository\org\apache\groovy\groovy\4.0.16\groovy-4.0.16.jar;C:\Users\santh\.m2\repository\org\apache\groovy\groovy-xml\4.0.16\groovy-xml-4.0.16.jar;C:\Users\santh\.m2\repository\org\apache\httpcomponents\httpclient\4.5.13\httpclient-4.5.13.jar;C:\Users\santh\.m2\repository\org\apache\httpcomponents\httpcore\4.4.13\httpcore-4.4.13.jar;C:\Users\santh\.m2\repository\commons-logging\commons-logging\1.2\commons-logging-1.2.jar;C:\Users\santh\.m2\repository\commons-codec\commons-codec\1.11\commons-codec-1.11.jar;C:\Users\santh\.m2\repository\org\apache\httpcomponents\httpmime\4.5.13\httpmime-4.5.13.jar;C:\Users\santh\.m2\repository\org\ccil\cowan\tagsoup\tagsoup\1.2.1\tagsoup-1.2.1.jar;C:\Users\santh\.m2\repository\io\rest-assured\json-path\5.4.0\json-path-5.4.0.jar;C:\Users\santh\.m2\repository\org\apache\groovy\groovy-json\4.0.16\groovy-json-4.0.16.jar;C:\Users\santh\.m2\repository\io\rest-assured\rest-assured-common\5.4.0\rest-assured-common-5.4.0.jar;C:\Users\santh\.m2\repository\io\rest-assured\xml-path\5.4.0\xml-path-5.4.0.jar;C:\Users\santh\.m2\repository\org\apache\commons\commons-lang3\3.11\commons-lang3-3.11.jar;C:\Users\santh\.m2\repository\org\hamcrest\hamcrest\2.2\hamcrest-2.2.jar;C:\Users\santh\.m2\repository\com\beust\jcommander\1.82\jcommander-1.82.jar;C:\Users\santh\.m2\repository\org\slf4j\slf4j-api\2.0.11\slf4j-api-2.0.11.jar;C:\Users\santh\.m2\repository\org\slf4j\slf4j-simple\2.0.11\slf4j-simple-2.0.11.jar;C:\Users\santh\.m2\repository\com\fasterxml\jackson\core\jackson-databind\2.16.1\jackson-databind-2.16.1.jar;C:\Users\santh\.m2\repository\com\fasterxml\jackson\core\jackson-annotations\2.16.1\jackson-annotations-2.16.1.jar;C:\Users\santh\.m2\repository\com\fasterxml\jackson\core\jackson-core\2.16.1\jackson-core-2.16.1.jar;C:\Users\santh\.m2\repository\io\cucumber\cucumber-java\7.15.0\cucumber-java-7.15.0.jar;C:\Users\santh\.m2\repository\io\cucumber\cucumber-core\7.15.0\cucumber-core-7.15.0.jar;C:\Users\santh\.m2\repository\io\cucumber\cucumber-gherkin\7.15.0\cucumber-gherkin-7.15.0.jar;C:\Users\santh\.m2\repository\io\cucumber\cucumber-gherkin-messages\7.15.0\cucumber-gherkin-messages-7.15.0.jar;C:\Users\santh\.m2\repository\io\cucumber\gherkin\26.2.0\gherkin-26.2.0.jar;C:\Users\santh\.m2\repository\io\cucumber\messages\22.0.0\messages-22.0.0.jar;C:\Users\santh\.m2\repository\io\cucumber\tag-expressions\6.0.0\tag-expressions-6.0.0.jar;C:\Users\santh\.m2\repository\io\cucumber\cucumber-expressions\17.0.1\cucumber-expressions-17.0.1.jar;C:\Users\santh\.m2\repository\io\cucumber\datatable\7.15.0\datatable-7.15.0.jar;C:\Users\santh\.m2\repository\io\cucumber\cucumber-plugin\7.15.0\cucumber-plugin-7.15.0.jar;C:\Users\santh\.m2\repository\io\cucumber\docstring\7.15.0\docstring-7.15.0.jar;C:\Users\santh\.m2\repository\io\cucumber\html-formatter\20.4.0\html-formatter-20.4.0.jar;C:\Users\santh\.m2\repository\io\cucumber\junit-xml-formatter\0.2.0\junit-xml-formatter-0.2.0.jar;C:\Users\santh\.m2\repository\io\cucumber\ci-environment\10.0.0\ci-environment-10.0.0.jar;C:\Users\santh\.m2\repository\org\apiguardian\apiguardian-api\1.1.2\apiguardian-api-1.1.2.jar;C:\Users\santh\.m2\repository\io\cucumber\cucumber-junit\7.15.0\cucumber-junit-7.15.0.jar;C:\Users\santh\.m2\repository\junit\junit\4.13.2\junit-4.13.2.jar;C:\Users\santh\.m2\repository\org\hamcrest\hamcrest-core\1.3\hamcrest-core-1.3.jar;"/>
    <property name="sun.cpu.endian" value="little"/>
    <property name="user.home" value="C:\Users\santh"/>
    <property name="user.language" value="en"/>
    <property name="java.specification.vendor" value="Oracle Corporation"/>
    <property name="java.version.date" value="2024-01-16"/>
    <property name="java.home" value="C:\Program Files\Java\jdk-21"/>
    <property name="file.separator" value="\"/>
    <property name="basedir" value="C:\Users\santh\eclipse-workspace\Framework_4"/>
    <property name="java.vm.compressedOopsMode" value="32-bit"/>
    <property name="line.separator" value="&#10;"/>
    <property name="java.vm.specification.vendor" value="Oracle Corporation"/>
    <property name="java.specification.name" value="Java Platform API Specification"/>
    <property name="surefire.real.class.path" value="C:\Users\santh\AppData\Local\Temp\surefire12377420034109509925\surefirebooter-20240327154441138_3.jar"/>
    <property name="user.script" value=""/>
    <property name="sun.management.compiler" value="HotSpot 64-Bit Tiered Compilers"/>
    <property name="java.runtime.version" value="21.0.2+13-LTS-58"/>
    <property name="user.name" value="santh"/>
    <property name="stdout.encoding" value="Cp1252"/>
    <property name="path.separator" value=";"/>
    <property name="os.version" value="10.0"/>
    <property name="java.runtime.name" value="Java(TM) SE Runtime Environment"/>
    <property name="file.encoding" value="UTF-8"/>
    <property name="java.vm.name" value="Java HotSpot(TM) 64-Bit Server VM"/>
    <property name="localRepository" value="C:\Users\santh\.m2\repository"/>
    <property name="cucumber.options" value="--tags @Regression"/>
    <property name="java.vendor.url.bug" value="https://bugreport.java.com/bugreport/"/>
    <property name="java.io.tmpdir" value="C:\Users\santh\AppData\Local\Temp\"/>
    <property name="java.version" value="21.0.2"/>
    <property name="user.dir" value="C:\Users\santh\eclipse-workspace\Framework_4"/>
    <property name="os.arch" value="amd64"/>
    <property name="java.vm.specification.name" value="Java Virtual Machine Specification"/>
    <property name="sun.os.patch.level" value=""/>
    <property name="native.encoding" value="Cp1252"/>
    <property name="java.library.path" value="C:\Program Files\Java\jdk-21\bin;C:\WINDOWS\Sun\Java\bin;C:\WINDOWS\system32;C:\WINDOWS;C:\Program Files\Common Files\Oracle\Java\javapath;C:\Program Files (x86)\Common Files\Oracle\Java\javapath;C:\WINDOWS\system32;C:\WINDOWS;C:\WINDOWS\System32\Wbem;C:\WINDOWS\System32\WindowsPowerShell\v1.0\;C:\WINDOWS\System32\OpenSSH\;C:\Program Files (x86)\Groovy\bin;C:\Program Files\Git\cmd;C:\Program Files\apache-maven-3.9.2\bin;C:\Users\santh\AppData\Local\Android\Sdk\tools\bin;C:\Users\santh\AppData\Local\Android\Sdk\tools;C:\Users\santh\AppData\Local\Android\Sdk\platform-tools;C:\Program Files\nodejs\node_modules\npm\bin;C:\Program Files\nodejs\;C:\Program Files (x86)\nodejs\;C:\Program Files\Java\jdk-21\bin;C:\Users\santh\AppData\Local\Microsoft\WindowsApps;C:\Users\santh\AppData\Roaming\npm;."/>
    <property name="java.vm.info" value="mixed mode, sharing"/>
    <property name="stderr.encoding" value="Cp1252"/>
    <property name="java.vendor" value="Oracle Corporation"/>
    <property name="java.vm.version" value="21.0.2+13-LTS-58"/>
    <property name="sun.io.unicode.encoding" value="UnicodeLittle"/>
    <property name="java.class.version" value="65.0"/>
  </properties>
  <testcase name="Verify if place is being successfully added using AddPlaceAPI" classname="Validating place APIs" time="7.022">
    <system-out><![CDATA[Test 1
Test 2
/maps/api/place/add/json
Request method:	POST
Request URI:	https://rahulshettyacademy.com/maps/api/place/add/json?key=qaclick123
Proxy:			<none>
Request params:	<none>
Query params:	key=qaclick123
Form params:	<none>
Path params:	<none>
Headers:		Accept=*/*
				Content-Type=application/json
Cookies:		<none>
Multiparts:		<none>
Body:
{
    "accuracy": 50,
    "name": "AAHouse",
    "phone_number": "(+91) 983 893 3937",
    "address": "World Cross Centre",
    "website": "htttp://google.com",
    "language": "English",
    "location": {
        "lat": -38.383494,
        "lng": 33.427362
    },
    "types": [
        "shoe park",
        "shop"
    ]
}
HTTP/1.1 200 OK
Date: Wed, 27 Mar 2024 04:44:45 GMT
Server: Apache/2.4.52 (Ubuntu)
Access-Control-Allow-Origin: *
Access-Control-Allow-Methods: POST
Access-Control-Max-Age: 3600
Access-Control-Allow-Headers: Content-Type, Access-Control-Allow-Headers, Authorization, X-Requested-With
Content-Length: 194
Keep-Alive: timeout=5, max=100
Connection: Keep-Alive
Content-Type: application/json;charset=UTF-8

{
    "status": "OK",
    "place_id": "16be1cb0376454957907de9947f50557",
    "scope": "APP",
    "reference": "6787785f2a86c3c8a867e43ba531a8fe6787785f2a86c3c8a867e43ba531a8fe",
    "id": "6787785f2a86c3c8a867e43ba531a8fe"
}
Step 2 URL pass
200
{"status":"OK","place_id":"16be1cb0376454957907de9947f50557","scope":"APP","reference":"6787785f2a86c3c8a867e43ba531a8fe6787785f2a86c3c8a867e43ba531a8fe","id":"6787785f2a86c3c8a867e43ba531a8fe"}
{"status":"OK","place_id":"16be1cb0376454957907de9947f50557","scope":"APP","reference":"6787785f2a86c3c8a867e43ba531a8fe6787785f2a86c3c8a867e43ba531a8fe","id":"6787785f2a86c3c8a867e43ba531a8fe"}
Status : OK
Place Id : 16be1cb0376454957907de9947f50557
Scope : APP
Reference : 6787785f2a86c3c8a867e43ba531a8fe6787785f2a86c3c8a867e43ba531a8fe
ID : 6787785f2a86c3c8a867e43ba531a8fe
STAAAAAAAAAAA : OK
Test 5
Place IDDDDDDDDD : 16be1cb0376454957907de9947f50557
Scope: APP
Test 2
/maps/api/place/get/json
Request method:	POST
Request URI:	https://rahulshettyacademy.com/maps/api/place/get/json?key=qaclick123&place_id=16be1cb0376454957907de9947f50557
Proxy:			<none>
Request params:	<none>
Query params:	key=qaclick123
				place_id=16be1cb0376454957907de9947f50557
Form params:	<none>
Path params:	<none>
Headers:		Accept=*/*
				Content-Type=application/json
Cookies:		<none>
Multiparts:		<none>
Body:			<none>
HTTP/1.1 200 OK
Date: Wed, 27 Mar 2024 04:44:46 GMT
Server: Apache/2.4.52 (Ubuntu)
Access-Control-Allow-Origin: *
Access-Control-Allow-Methods: POST
Access-Control-Max-Age: 3600
Access-Control-Allow-Headers: Content-Type, Access-Control-Allow-Headers, Authorization, X-Requested-With
Content-Length: 241
Keep-Alive: timeout=5, max=100
Connection: Keep-Alive
Content-Type: application/json;charset=UTF-8

{
    "location": {
        "latitude": "-38.383494",
        "longitude": "33.427362"
    },
    "accuracy": "50",
    "name": "AAHouse",
    "phone_number": "(+91) 983 893 3937",
    "address": "World Cross Centre",
    "types": "shoe park,shop",
    "website": "htttp://google.com",
    "language": "English"
}
Request method:	GET
Request URI:	https://rahulshettyacademy.com/maps/api/place/get/json?key=qaclick123&place_id=16be1cb0376454957907de9947f50557
Proxy:			<none>
Request params:	<none>
Query params:	key=qaclick123
				place_id=16be1cb0376454957907de9947f50557
Form params:	<none>
Path params:	<none>
Headers:		Accept=*/*
				Content-Type=application/json
Cookies:		<none>
Multiparts:		<none>
Body:			<none>
{"location":{"latitude":"-38.383494","longitude":"33.427362"},"accuracy":"50","name":"AAHouse","phone_number":"(+91) 983 893 3937","address":"World Cross Centre","types":"shoe park,shop","website":"htttp:\/\/google.com","language":"English"}
Step 2 URL pass
]]></system-out>
    <system-err><![CDATA[Mar 27, 2024 3:44:41 PM io.cucumber.core.options.CucumberPropertiesParser lambda$warnWhenCucumberOptionsIsUsed$2
WARNING: Passing commandline options via the property 'cucumber.options' is no longer supported. Please use individual properties instead. See the java doc on io.cucumber.core.options.Constants for details.
]]></system-err>
  </testcase>
  <testcase name="Verify if Delete Place functionality is working" classname="Validating place APIs" time="2.129">
    <system-out><![CDATA[Delete Payload step 1
Delete Payload : 16be1cb0376454957907de9947f50557
Test 2
/maps/api/place/delete/json
Request method:	POST
Request URI:	https://rahulshettyacademy.com/maps/api/place/delete/json?key=qaclick123
Proxy:			<none>
Request params:	<none>
Query params:	key=qaclick123
Form params:	<none>
Path params:	<none>
Headers:		Accept=*/*
				Content-Type=application/json
Cookies:		<none>
Multiparts:		<none>
Body:
{\r\n    \"place_id\": \"16be1cb0376454957907de9947f50557\"\r\n}
HTTP/1.1 200 OK
Date: Wed, 27 Mar 2024 04:44:49 GMT
Server: Apache/2.4.52 (Ubuntu)
Access-Control-Allow-Origin: *
Access-Control-Allow-Methods: POST
Access-Control-Max-Age: 3600
Access-Control-Allow-Headers: Content-Type, Access-Control-Allow-Headers, Authorization, X-Requested-With
Content-Length: 0
Keep-Alive: timeout=5, max=100
Connection: Keep-Alive
Content-Type: application/json; charset=UTF-8
Step 2 URL pass
200

200
{"status":"OK"}
]]></system-out>
    <system-err><![CDATA[Status sssssssss: OK
]]></system-err>
  </testcase>
</testsuite>